[2021-06-13 11:27:36.356] [renderer1] [error] name must not be falsy: Error: name must not be falsy
	at Function.validate (/usr/share/code/resources/app/out/vs/workbench/services/extensions/node/extensionHostProcess.js:76:26689)
	at new n (/usr/share/code/resources/app/out/vs/workbench/services/extensions/node/extensionHostProcess.js:76:26638)
	at new n (/usr/share/code/resources/app/out/vs/workbench/services/extensions/node/extensionHostProcess.js:76:13328)
	at H (/home/hamisi/.vscode/extensions/ms-python.python-2021.5.926500501/out/client/extension.js:59:138227)
	at Array.map (<anonymous>)
	at Object.asDocumentSymbols (/home/hamisi/.vscode/extensions/ms-python.python-2021.5.926500501/out/client/extension.js:59:143565)
	at /home/hamisi/.vscode/extensions/ms-python.python-2021.5.926500501/out/client/extension.js:9:148239
[2021-06-13 11:27:48.397] [renderer1] [error] name must not be falsy: Error: name must not be falsy
	at Function.validate (/usr/share/code/resources/app/out/vs/workbench/services/extensions/node/extensionHostProcess.js:76:26689)
	at new n (/usr/share/code/resources/app/out/vs/workbench/services/extensions/node/extensionHostProcess.js:76:26638)
	at new n (/usr/share/code/resources/app/out/vs/workbench/services/extensions/node/extensionHostProcess.js:76:13328)
	at H (/home/hamisi/.vscode/extensions/ms-python.python-2021.5.926500501/out/client/extension.js:59:138227)
	at Array.map (<anonymous>)
	at Object.asDocumentSymbols (/home/hamisi/.vscode/extensions/ms-python.python-2021.5.926500501/out/client/extension.js:59:143565)
	at /home/hamisi/.vscode/extensions/ms-python.python-2021.5.926500501/out/client/extension.js:9:148239
[2021-06-13 11:27:49.121] [renderer1] [error] name must not be falsy: Error: name must not be falsy
	at Function.validate (/usr/share/code/resources/app/out/vs/workbench/services/extensions/node/extensionHostProcess.js:76:26689)
	at new n (/usr/share/code/resources/app/out/vs/workbench/services/extensions/node/extensionHostProcess.js:76:26638)
	at new n (/usr/share/code/resources/app/out/vs/workbench/services/extensions/node/extensionHostProcess.js:76:13328)
	at H (/home/hamisi/.vscode/extensions/ms-python.python-2021.5.926500501/out/client/extension.js:59:138227)
	at H (/home/hamisi/.vscode/extensions/ms-python.python-2021.5.926500501/out/client/extension.js:59:138402)
	at Array.map (<anonymous>)
	at Object.asDocumentSymbols (/home/hamisi/.vscode/extensions/ms-python.python-2021.5.926500501/out/client/extension.js:59:143565)
	at /home/hamisi/.vscode/extensions/ms-python.python-2021.5.926500501/out/client/extension.js:9:148239
[2021-06-13 11:28:02.241] [renderer1] [error] name must not be falsy: Error: name must not be falsy
	at Function.validate (/usr/share/code/resources/app/out/vs/workbench/services/extensions/node/extensionHostProcess.js:76:26689)
	at new n (/usr/share/code/resources/app/out/vs/workbench/services/extensions/node/extensionHostProcess.js:76:26638)
	at new n (/usr/share/code/resources/app/out/vs/workbench/services/extensions/node/extensionHostProcess.js:76:13328)
	at H (/home/hamisi/.vscode/extensions/ms-python.python-2021.5.926500501/out/client/extension.js:59:138227)
	at H (/home/hamisi/.vscode/extensions/ms-python.python-2021.5.926500501/out/client/extension.js:59:138402)
	at Array.map (<anonymous>)
	at Object.asDocumentSymbols (/home/hamisi/.vscode/extensions/ms-python.python-2021.5.926500501/out/client/extension.js:59:143565)
	at /home/hamisi/.vscode/extensions/ms-python.python-2021.5.926500501/out/client/extension.js:9:148239
[2021-06-13 11:28:03.936] [renderer1] [error] name must not be falsy: Error: name must not be falsy
	at Function.validate (/usr/share/code/resources/app/out/vs/workbench/services/extensions/node/extensionHostProcess.js:76:26689)
	at new n (/usr/share/code/resources/app/out/vs/workbench/services/extensions/node/extensionHostProcess.js:76:26638)
	at new n (/usr/share/code/resources/app/out/vs/workbench/services/extensions/node/extensionHostProcess.js:76:13328)
	at H (/home/hamisi/.vscode/extensions/ms-python.python-2021.5.926500501/out/client/extension.js:59:138227)
	at H (/home/hamisi/.vscode/extensions/ms-python.python-2021.5.926500501/out/client/extension.js:59:138402)
	at Array.map (<anonymous>)
	at Object.asDocumentSymbols (/home/hamisi/.vscode/extensions/ms-python.python-2021.5.926500501/out/client/extension.js:59:143565)
	at /home/hamisi/.vscode/extensions/ms-python.python-2021.5.926500501/out/client/extension.js:9:148239
[2021-06-13 11:28:08.662] [renderer1] [error] name must not be falsy: Error: name must not be falsy
	at Function.validate (/usr/share/code/resources/app/out/vs/workbench/services/extensions/node/extensionHostProcess.js:76:26689)
	at new n (/usr/share/code/resources/app/out/vs/workbench/services/extensions/node/extensionHostProcess.js:76:26638)
	at new n (/usr/share/code/resources/app/out/vs/workbench/services/extensions/node/extensionHostProcess.js:76:13328)
	at H (/home/hamisi/.vscode/extensions/ms-python.python-2021.5.926500501/out/client/extension.js:59:138227)
	at H (/home/hamisi/.vscode/extensions/ms-python.python-2021.5.926500501/out/client/extension.js:59:138402)
	at Array.map (<anonymous>)
	at Object.asDocumentSymbols (/home/hamisi/.vscode/extensions/ms-python.python-2021.5.926500501/out/client/extension.js:59:143565)
	at /home/hamisi/.vscode/extensions/ms-python.python-2021.5.926500501/out/client/extension.js:9:148239
[2021-06-13 11:28:10.114] [renderer1] [error] name must not be falsy: Error: name must not be falsy
	at Function.validate (/usr/share/code/resources/app/out/vs/workbench/services/extensions/node/extensionHostProcess.js:76:26689)
	at new n (/usr/share/code/resources/app/out/vs/workbench/services/extensions/node/extensionHostProcess.js:76:26638)
	at new n (/usr/share/code/resources/app/out/vs/workbench/services/extensions/node/extensionHostProcess.js:76:13328)
	at H (/home/hamisi/.vscode/extensions/ms-python.python-2021.5.926500501/out/client/extension.js:59:138227)
	at H (/home/hamisi/.vscode/extensions/ms-python.python-2021.5.926500501/out/client/extension.js:59:138402)
	at Array.map (<anonymous>)
	at Object.asDocumentSymbols (/home/hamisi/.vscode/extensions/ms-python.python-2021.5.926500501/out/client/extension.js:59:143565)
	at /home/hamisi/.vscode/extensions/ms-python.python-2021.5.926500501/out/client/extension.js:9:148239
[2021-06-13 14:47:56.258] [renderer1] [error] name must not be falsy: Error: name must not be falsy
	at Function.validate (/usr/share/code/resources/app/out/vs/workbench/services/extensions/node/extensionHostProcess.js:76:26689)
	at new n (/usr/share/code/resources/app/out/vs/workbench/services/extensions/node/extensionHostProcess.js:76:26638)
	at new n (/usr/share/code/resources/app/out/vs/workbench/services/extensions/node/extensionHostProcess.js:76:13328)
	at H (/home/hamisi/.vscode/extensions/ms-python.python-2021.5.926500501/out/client/extension.js:59:138227)
	at Array.map (<anonymous>)
	at Object.asDocumentSymbols (/home/hamisi/.vscode/extensions/ms-python.python-2021.5.926500501/out/client/extension.js:59:143565)
	at /home/hamisi/.vscode/extensions/ms-python.python-2021.5.926500501/out/client/extension.js:9:148239
[2021-06-13 14:48:06.943] [renderer1] [error] name must not be falsy: Error: name must not be falsy
	at Function.validate (/usr/share/code/resources/app/out/vs/workbench/services/extensions/node/extensionHostProcess.js:76:26689)
	at new n (/usr/share/code/resources/app/out/vs/workbench/services/extensions/node/extensionHostProcess.js:76:26638)
	at new n (/usr/share/code/resources/app/out/vs/workbench/services/extensions/node/extensionHostProcess.js:76:13328)
	at H (/home/hamisi/.vscode/extensions/ms-python.python-2021.5.926500501/out/client/extension.js:59:138227)
	at Array.map (<anonymous>)
	at Object.asDocumentSymbols (/home/hamisi/.vscode/extensions/ms-python.python-2021.5.926500501/out/client/extension.js:59:143565)
	at /home/hamisi/.vscode/extensions/ms-python.python-2021.5.926500501/out/client/extension.js:9:148239
[2021-06-13 14:48:10.503] [renderer1] [error] name must not be falsy: Error: name must not be falsy
	at Function.validate (/usr/share/code/resources/app/out/vs/workbench/services/extensions/node/extensionHostProcess.js:76:26689)
	at new n (/usr/share/code/resources/app/out/vs/workbench/services/extensions/node/extensionHostProcess.js:76:26638)
	at new n (/usr/share/code/resources/app/out/vs/workbench/services/extensions/node/extensionHostProcess.js:76:13328)
	at H (/home/hamisi/.vscode/extensions/ms-python.python-2021.5.926500501/out/client/extension.js:59:138227)
	at Array.map (<anonymous>)
	at Object.asDocumentSymbols (/home/hamisi/.vscode/extensions/ms-python.python-2021.5.926500501/out/client/extension.js:59:143565)
	at /home/hamisi/.vscode/extensions/ms-python.python-2021.5.926500501/out/client/extension.js:9:148239
[2021-06-13 14:48:13.843] [renderer1] [error] name must not be falsy: Error: name must not be falsy
	at Function.validate (/usr/share/code/resources/app/out/vs/workbench/services/extensions/node/extensionHostProcess.js:76:26689)
	at new n (/usr/share/code/resources/app/out/vs/workbench/services/extensions/node/extensionHostProcess.js:76:26638)
	at new n (/usr/share/code/resources/app/out/vs/workbench/services/extensions/node/extensionHostProcess.js:76:13328)
	at H (/home/hamisi/.vscode/extensions/ms-python.python-2021.5.926500501/out/client/extension.js:59:138227)
	at Array.map (<anonymous>)
	at Object.asDocumentSymbols (/home/hamisi/.vscode/extensions/ms-python.python-2021.5.926500501/out/client/extension.js:59:143565)
	at /home/hamisi/.vscode/extensions/ms-python.python-2021.5.926500501/out/client/extension.js:9:148239
[2021-06-13 14:48:16.801] [renderer1] [error] name must not be falsy: Error: name must not be falsy
	at Function.validate (/usr/share/code/resources/app/out/vs/workbench/services/extensions/node/extensionHostProcess.js:76:26689)
	at new n (/usr/share/code/resources/app/out/vs/workbench/services/extensions/node/extensionHostProcess.js:76:26638)
	at new n (/usr/share/code/resources/app/out/vs/workbench/services/extensions/node/extensionHostProcess.js:76:13328)
	at H (/home/hamisi/.vscode/extensions/ms-python.python-2021.5.926500501/out/client/extension.js:59:138227)
	at Array.map (<anonymous>)
	at Object.asDocumentSymbols (/home/hamisi/.vscode/extensions/ms-python.python-2021.5.926500501/out/client/extension.js:59:143565)
	at /home/hamisi/.vscode/extensions/ms-python.python-2021.5.926500501/out/client/extension.js:9:148239
[2021-06-13 14:48:22.654] [renderer1] [error] name must not be falsy: Error: name must not be falsy
	at Function.validate (/usr/share/code/resources/app/out/vs/workbench/services/extensions/node/extensionHostProcess.js:76:26689)
	at new n (/usr/share/code/resources/app/out/vs/workbench/services/extensions/node/extensionHostProcess.js:76:26638)
	at new n (/usr/share/code/resources/app/out/vs/workbench/services/extensions/node/extensionHostProcess.js:76:13328)
	at H (/home/hamisi/.vscode/extensions/ms-python.python-2021.5.926500501/out/client/extension.js:59:138227)
	at Array.map (<anonymous>)
	at Object.asDocumentSymbols (/home/hamisi/.vscode/extensions/ms-python.python-2021.5.926500501/out/client/extension.js:59:143565)
	at /home/hamisi/.vscode/extensions/ms-python.python-2021.5.926500501/out/client/extension.js:9:148239
[2021-06-13 14:48:26.210] [renderer1] [error] name must not be falsy: Error: name must not be falsy
	at Function.validate (/usr/share/code/resources/app/out/vs/workbench/services/extensions/node/extensionHostProcess.js:76:26689)
	at new n (/usr/share/code/resources/app/out/vs/workbench/services/extensions/node/extensionHostProcess.js:76:26638)
	at new n (/usr/share/code/resources/app/out/vs/workbench/services/extensions/node/extensionHostProcess.js:76:13328)
	at H (/home/hamisi/.vscode/extensions/ms-python.python-2021.5.926500501/out/client/extension.js:59:138227)
	at Array.map (<anonymous>)
	at Object.asDocumentSymbols (/home/hamisi/.vscode/extensions/ms-python.python-2021.5.926500501/out/client/extension.js:59:143565)
	at /home/hamisi/.vscode/extensions/ms-python.python-2021.5.926500501/out/client/extension.js:9:148239
[2021-06-13 14:48:28.104] [renderer1] [error] name must not be falsy: Error: name must not be falsy
	at Function.validate (/usr/share/code/resources/app/out/vs/workbench/services/extensions/node/extensionHostProcess.js:76:26689)
	at new n (/usr/share/code/resources/app/out/vs/workbench/services/extensions/node/extensionHostProcess.js:76:26638)
	at new n (/usr/share/code/resources/app/out/vs/workbench/services/extensions/node/extensionHostProcess.js:76:13328)
	at H (/home/hamisi/.vscode/extensions/ms-python.python-2021.5.926500501/out/client/extension.js:59:138227)
	at Array.map (<anonymous>)
	at Object.asDocumentSymbols (/home/hamisi/.vscode/extensions/ms-python.python-2021.5.926500501/out/client/extension.js:59:143565)
	at /home/hamisi/.vscode/extensions/ms-python.python-2021.5.926500501/out/client/extension.js:9:148239
[2021-06-13 14:48:33.986] [renderer1] [error] name must not be falsy: Error: name must not be falsy
	at Function.validate (/usr/share/code/resources/app/out/vs/workbench/services/extensions/node/extensionHostProcess.js:76:26689)
	at new n (/usr/share/code/resources/app/out/vs/workbench/services/extensions/node/extensionHostProcess.js:76:26638)
	at new n (/usr/share/code/resources/app/out/vs/workbench/services/extensions/node/extensionHostProcess.js:76:13328)
	at H (/home/hamisi/.vscode/extensions/ms-python.python-2021.5.926500501/out/client/extension.js:59:138227)
	at Array.map (<anonymous>)
	at Object.asDocumentSymbols (/home/hamisi/.vscode/extensions/ms-python.python-2021.5.926500501/out/client/extension.js:59:143565)
	at /home/hamisi/.vscode/extensions/ms-python.python-2021.5.926500501/out/client/extension.js:9:148239
[2021-06-13 14:48:36.497] [renderer1] [error] name must not be falsy: Error: name must not be falsy
	at Function.validate (/usr/share/code/resources/app/out/vs/workbench/services/extensions/node/extensionHostProcess.js:76:26689)
	at new n (/usr/share/code/resources/app/out/vs/workbench/services/extensions/node/extensionHostProcess.js:76:26638)
	at new n (/usr/share/code/resources/app/out/vs/workbench/services/extensions/node/extensionHostProcess.js:76:13328)
	at H (/home/hamisi/.vscode/extensions/ms-python.python-2021.5.926500501/out/client/extension.js:59:138227)
	at Array.map (<anonymous>)
	at Object.asDocumentSymbols (/home/hamisi/.vscode/extensions/ms-python.python-2021.5.926500501/out/client/extension.js:59:143565)
	at /home/hamisi/.vscode/extensions/ms-python.python-2021.5.926500501/out/client/extension.js:9:148239
[2021-06-13 15:34:15.278] [renderer1] [error] name must not be falsy: Error: name must not be falsy
	at Function.validate (/usr/share/code/resources/app/out/vs/workbench/services/extensions/node/extensionHostProcess.js:76:26689)
	at new n (/usr/share/code/resources/app/out/vs/workbench/services/extensions/node/extensionHostProcess.js:76:26638)
	at new n (/usr/share/code/resources/app/out/vs/workbench/services/extensions/node/extensionHostProcess.js:76:13328)
	at H (/home/hamisi/.vscode/extensions/ms-python.python-2021.5.926500501/out/client/extension.js:59:138227)
	at Array.map (<anonymous>)
	at Object.asDocumentSymbols (/home/hamisi/.vscode/extensions/ms-python.python-2021.5.926500501/out/client/extension.js:59:143565)
	at /home/hamisi/.vscode/extensions/ms-python.python-2021.5.926500501/out/client/extension.js:9:148239
[2021-06-13 15:34:16.969] [renderer1] [error] name must not be falsy: Error: name must not be falsy
	at Function.validate (/usr/share/code/resources/app/out/vs/workbench/services/extensions/node/extensionHostProcess.js:76:26689)
	at new n (/usr/share/code/resources/app/out/vs/workbench/services/extensions/node/extensionHostProcess.js:76:26638)
	at new n (/usr/share/code/resources/app/out/vs/workbench/services/extensions/node/extensionHostProcess.js:76:13328)
	at H (/home/hamisi/.vscode/extensions/ms-python.python-2021.5.926500501/out/client/extension.js:59:138227)
	at Array.map (<anonymous>)
	at Object.asDocumentSymbols (/home/hamisi/.vscode/extensions/ms-python.python-2021.5.926500501/out/client/extension.js:59:143565)
	at /home/hamisi/.vscode/extensions/ms-python.python-2021.5.926500501/out/client/extension.js:9:148239
[2021-06-13 17:39:02.043] [renderer1] [error] Unable to read file '/home/hamisi/Desktop/PitchApp/app/static/css' (Error: Unable to read file '/home/hamisi/Desktop/PitchApp/app/static/css' that is actually a directory): Error: Unable to read file '/home/hamisi/Desktop/PitchApp/app/static/css' (Error: Unable to read file '/home/hamisi/Desktop/PitchApp/app/static/css' that is actually a directory)
    at o.doReadFileStream (file:///usr/share/code/resources/app/out/vs/workbench/workbench.desktop.main.js:634:17601)
    at async h.doRead (file:///usr/share/code/resources/app/out/vs/workbench/workbench.desktop.main.js:2296:39839)
    at async h.readStream (file:///usr/share/code/resources/app/out/vs/workbench/workbench.desktop.main.js:2296:39485)
    at async Vr.resolveFromFile (file:///usr/share/code/resources/app/out/vs/workbench/workbench.desktop.main.js:2288:98054)
    at async Vr.revert (file:///usr/share/code/resources/app/out/vs/workbench/workbench.desktop.main.js:2288:95231)
    at async file:///usr/share/code/resources/app/out/vs/workbench/workbench.desktop.main.js:2296:34511
    at async Promise.all (index 0)
    at async Object.G [as settled] (file:///usr/share/code/resources/app/out/vs/workbench/workbench.desktop.main.js:68:21704)
    at async V.fireAsync (file:///usr/share/code/resources/app/out/vs/workbench/workbench.desktop.main.js:68:21310)
    at async a.doCreateFileOrFolder (file:///usr/share/code/resources/app/out/vs/workbench/workbench.desktop.main.js:2290:44842)
    at async c.perform (file:///usr/share/code/resources/app/out/vs/workbench/workbench.desktop.main.js:2296:22781)
    at async d.apply (file:///usr/share/code/resources/app/out/vs/workbench/workbench.desktop.main.js:2296:26462)
    at async s._performFileEdits (file:///usr/share/code/resources/app/out/vs/workbench/workbench.desktop.main.js:2296:28304)
    at async s.perform (file:///usr/share/code/resources/app/out/vs/workbench/workbench.desktop.main.js:2296:27846)
    at async n.apply (file:///usr/share/code/resources/app/out/vs/workbench/workbench.desktop.main.js:2296:30336)
    at async file:///usr/share/code/resources/app/out/vs/workbench/workbench.desktop.main.js:2182:17344
[2021-06-13 17:39:02.044] [renderer1] [error] Unable to read file '/home/hamisi/Desktop/PitchApp/app/static/css' (Error: Unable to read file '/home/hamisi/Desktop/PitchApp/app/static/css' that is actually a directory): Error: Unable to read file '/home/hamisi/Desktop/PitchApp/app/static/css' (Error: Unable to read file '/home/hamisi/Desktop/PitchApp/app/static/css' that is actually a directory)
    at o.doReadFileStream (file:///usr/share/code/resources/app/out/vs/workbench/workbench.desktop.main.js:634:17601)
    at async h.doRead (file:///usr/share/code/resources/app/out/vs/workbench/workbench.desktop.main.js:2296:39839)
    at async h.readStream (file:///usr/share/code/resources/app/out/vs/workbench/workbench.desktop.main.js:2296:39485)
    at async Vr.resolveFromFile (file:///usr/share/code/resources/app/out/vs/workbench/workbench.desktop.main.js:2288:98054)
    at async Object.factory (file:///usr/share/code/resources/app/out/vs/workbench/workbench.desktop.main.js:2296:33373)
[2021-06-13 19:47:08.702] [renderer1] [error] Maximum call stack size exceeded: RangeError: Maximum call stack size exceeded
    at l._entries (file:///usr/share/code/resources/app/out/vs/workbench/workbench.desktop.main.js:62:7277)
    at _entries.next (<anonymous>)
    at l._entries (file:///usr/share/code/resources/app/out/vs/workbench/workbench.desktop.main.js:62:7296)
    at _entries.next (<anonymous>)
    at l._entries (file:///usr/share/code/resources/app/out/vs/workbench/workbench.desktop.main.js:62:7383)
    at _entries.next (<anonymous>)
    at l._entries (file:///usr/share/code/resources/app/out/vs/workbench/workbench.desktop.main.js:62:7383)
    at _entries.next (<anonymous>)
    at l._entries (file:///usr/share/code/resources/app/out/vs/workbench/workbench.desktop.main.js:62:7383)
    at _entries.next (<anonymous>)
    at l._entries (file:///usr/share/code/resources/app/out/vs/workbench/workbench.desktop.main.js:62:7383)
    at _entries.next (<anonymous>)
    at l._entries (file:///usr/share/code/resources/app/out/vs/workbench/workbench.desktop.main.js:62:7383)
    at _entries.next (<anonymous>)
    at l._entries (file:///usr/share/code/resources/app/out/vs/workbench/workbench.desktop.main.js:62:7383)
    at _entries.next (<anonymous>)
    at l._entries (file:///usr/share/code/resources/app/out/vs/workbench/workbench.desktop.main.js:62:7383)
    at _entries.next (<anonymous>)
    at l._entries (file:///usr/share/code/resources/app/out/vs/workbench/workbench.desktop.main.js:62:7383)
    at _entries.next (<anonymous>)
    at l._entries (file:///usr/share/code/resources/app/out/vs/workbench/workbench.desktop.main.js:62:7383)
    at _entries.next (<anonymous>)
    at l._entries (file:///usr/share/code/resources/app/out/vs/workbench/workbench.desktop.main.js:62:7383)
    at _entries.next (<anonymous>)
    at l._entries (file:///usr/share/code/resources/app/out/vs/workbench/workbench.desktop.main.js:62:7383)
    at _entries.next (<anonymous>)
    at l._entries (file:///usr/share/code/resources/app/out/vs/workbench/workbench.desktop.main.js:62:7383)
    at _entries.next (<anonymous>)
    at l._entries (file:///usr/share/code/resources/app/out/vs/workbench/workbench.desktop.main.js:62:7383)
    at _entries.next (<anonymous>)
    at l._entries (file:///usr/share/code/resources/app/out/vs/workbench/workbench.desktop.main.js:62:7383)
    at _entries.next (<anonymous>)
    at l._entries (file:///usr/share/code/resources/app/out/vs/workbench/workbench.desktop.main.js:62:7383)
    at _entries.next (<anonymous>)
    at l._entries (file:///usr/share/code/resources/app/out/vs/workbench/workbench.desktop.main.js:62:7383)
    at _entries.next (<anonymous>)
    at l._entries (file:///usr/share/code/resources/app/out/vs/workbench/workbench.desktop.main.js:62:7383)
    at _entries.next (<anonymous>)
    at l._entries (file:///usr/share/code/resources/app/out/vs/workbench/workbench.desktop.main.js:62:7383)
    at _entries.next (<anonymous>)
    at l._entries (file:///usr/share/code/resources/app/out/vs/workbench/workbench.desktop.main.js:62:7383)
    at _entries.next (<anonymous>)
    at l._entries (file:///usr/share/code/resources/app/out/vs/workbench/workbench.desktop.main.js:62:7383)
    at _entries.next (<anonymous>)
    at l._entries (file:///usr/share/code/resources/app/out/vs/workbench/workbench.desktop.main.js:62:7383)
    at _entries.next (<anonymous>)
    at l._entries (file:///usr/share/code/resources/app/out/vs/workbench/workbench.desktop.main.js:62:7383)
    at _entries.next (<anonymous>)
    at l._entries (file:///usr/share/code/resources/app/out/vs/workbench/workbench.desktop.main.js:62:7383)
    at _entries.next (<anonymous>)
    at l._entries (file:///usr/share/code/resources/app/out/vs/workbench/workbench.desktop.main.js:62:7383)
    at _entries.next (<anonymous>)
    at l._entries (file:///usr/share/code/resources/app/out/vs/workbench/workbench.desktop.main.js:62:7383)
    at _entries.next (<anonymous>)
    at l._entries (file:///usr/share/code/resources/app/out/vs/workbench/workbench.desktop.main.js:62:7383)
    at _entries.next (<anonymous>)
    at l._entries (file:///usr/share/code/resources/app/out/vs/workbench/workbench.desktop.main.js:62:7383)
    at _entries.next (<anonymous>)
    at l._entries (file:///usr/share/code/resources/app/out/vs/workbench/workbench.desktop.main.js:62:7383)
    at _entries.next (<anonymous>)
    at l._entries (file:///usr/share/code/resources/app/out/vs/workbench/workbench.desktop.main.js:62:7383)
    at _entries.next (<anonymous>)
    at l._entries (file:///usr/share/code/resources/app/out/vs/workbench/workbench.desktop.main.js:62:7383)
    at _entries.next (<anonymous>)
    at l._entries (file:///usr/share/code/resources/app/out/vs/workbench/workbench.desktop.main.js:62:7383)
    at _entries.next (<anonymous>)
    at l._entries (file:///usr/share/code/resources/app/out/vs/workbench/workbench.desktop.main.js:62:7383)
    at _entries.next (<anonymous>)
    at l._entries (file:///usr/share/code/resources/app/out/vs/workbench/workbench.desktop.main.js:62:7383)
    at _entries.next (<anonymous>)
    at l._entries (file:///usr/share/code/resources/app/out/vs/workbench/workbench.desktop.main.js:62:7383)
    at _entries.next (<anonymous>)
    at l._entries (file:///usr/share/code/resources/app/out/vs/workbench/workbench.desktop.main.js:62:7383)
    at _entries.next (<anonymous>)
    at l._entries (file:///usr/share/code/resources/app/out/vs/workbench/workbench.desktop.main.js:62:7383)
    at _entries.next (<anonymous>)
    at l._entries (file:///usr/share/code/resources/app/out/vs/workbench/workbench.desktop.main.js:62:7383)
    at _entries.next (<anonymous>)
    at l._entries (file:///usr/share/code/resources/app/out/vs/workbench/workbench.desktop.main.js:62:7383)
    at _entries.next (<anonymous>)
    at l._entries (file:///usr/share/code/resources/app/out/vs/workbench/workbench.desktop.main.js:62:7383)
    at _entries.next (<anonymous>)
    at l._entries (file:///usr/share/code/resources/app/out/vs/workbench/workbench.desktop.main.js:62:7383)
    at _entries.next (<anonymous>)
    at l._entries (file:///usr/share/code/resources/app/out/vs/workbench/workbench.desktop.main.js:62:7383)
    at _entries.next (<anonymous>)
    at l._entries (file:///usr/share/code/resources/app/out/vs/workbench/workbench.desktop.main.js:62:7383)
    at _entries.next (<anonymous>)
    at l._entries (file:///usr/share/code/resources/app/out/vs/workbench/workbench.desktop.main.js:62:7383)
    at _entries.next (<anonymous>)
    at l._entries (file:///usr/share/code/resources/app/out/vs/workbench/workbench.desktop.main.js:62:7383)
    at _entries.next (<anonymous>)
    at l._entries (file:///usr/share/code/resources/app/out/vs/workbench/workbench.desktop.main.js:62:7383)
    at _entries.next (<anonymous>)
    at l._entries (file:///usr/share/code/resources/app/out/vs/workbench/workbench.desktop.main.js:62:7383)
    at _entries.next (<anonymous>)
    at l._entries (file:///usr/share/code/resources/app/out/vs/workbench/workbench.desktop.main.js:62:7383)
    at _entries.next (<anonymous>)
    at l._entries (file:///usr/share/code/resources/app/out/vs/workbench/workbench.desktop.main.js:62:7383)
    at _entries.next (<anonymous>)
[2021-06-13 19:47:10.288] [renderer1] [error] A system error occurred (ENOENT: no such file or directory, access '/home/hamisi/.vscode/extensions/coenraads.bracket-pair-colorizer-1.0.61'): Error: ENOENT: no such file or directory, access '/home/hamisi/.vscode/extensions/coenraads.bracket-pair-colorizer-1.0.61'
    at Object.accessSync (original-fs.js:220:3)
    at w (file:///usr/share/code/resources/app/out/vs/workbench/workbench.desktop.main.js:75:56370)
    at E.distill (file:///usr/share/code/resources/app/out/vs/workbench/workbench.desktop.main.js:1770:19359)
    at Object.stop (file:///usr/share/code/resources/app/out/vs/workbench/workbench.desktop.main.js:1770:19192)
    at async d._onDidChangeResponsiveChange (file:///usr/share/code/resources/app/out/vs/workbench/workbench.desktop.main.js:1770:21443)
[2021-06-13 19:48:14.816] [renderer1] [error] Error: [File Watcher (chokidar)] Inotify limit reached (ENOSPC)
[2021-06-13 19:48:14.818] [renderer1] [error] [File Watcher (chokidar)] Inotify limit reached (ENOSPC)
[2021-06-13 19:50:01.638] [renderer1] [error] ENOENT: no such file or directory, unlink '/home/hamisi/.config/Code/User/workspaceStorage/6b7d4574769ebedf4deef98566cc7b25/state.vscdb': Error: ENOENT: no such file or directory, unlink '/home/hamisi/.config/Code/User/workspaceStorage/6b7d4574769ebedf4deef98566cc7b25/state.vscdb'
