[2021-06-11 09:10:19.633] [exthost] [info] extension host started
[2021-06-11 09:10:20.869] [exthost] [info] ExtensionService#_doActivateExtension vscode.microsoft-authentication {"startup":false,"extensionId":{"value":"vscode.microsoft-authentication","_lower":"vscode.microsoft-authentication"},"activationEvent":"onAuthenticationRequest:microsoft"}
[2021-06-11 09:10:20.869] [exthost] [info] ExtensionService#loadCommonJSModule file:///usr/share/code/resources/app/extensions/microsoft-authentication/dist/extension.js
[2021-06-11 09:10:20.911] [exthost] [info] ExtensionService#_doActivateExtension vscode.emmet {"startup":false,"extensionId":{"value":"vscode.emmet","_lower":"vscode.emmet"},"activationEvent":"onLanguage:html"}
[2021-06-11 09:10:20.911] [exthost] [info] ExtensionService#loadCommonJSModule file:///usr/share/code/resources/app/extensions/emmet/dist/node/emmetNodeMain
[2021-06-11 09:10:20.948] [exthost] [info] ExtensionService#_doActivateExtension vscode.html-language-features {"startup":false,"extensionId":{"value":"vscode.html-language-features","_lower":"vscode.html-language-features"},"activationEvent":"onLanguage:html"}
[2021-06-11 09:10:20.948] [exthost] [info] ExtensionService#loadCommonJSModule file:///usr/share/code/resources/app/extensions/html-language-features/client/dist/node/htmlClientMain
[2021-06-11 09:10:21.098] [exthost] [info] ExtensionService#_doActivateExtension vscode.debug-auto-launch {"startup":true,"extensionId":{"value":"vscode.debug-auto-launch","_lower":"vscode.debug-auto-launch"},"activationEvent":"*"}
[2021-06-11 09:10:21.098] [exthost] [info] ExtensionService#loadCommonJSModule file:///usr/share/code/resources/app/extensions/debug-auto-launch/dist/extension
[2021-06-11 09:10:21.119] [exthost] [info] ExtensionService#_doActivateExtension vscode.git {"startup":true,"extensionId":{"value":"vscode.github","_lower":"vscode.github"},"activationEvent":"*"}
[2021-06-11 09:10:21.120] [exthost] [info] ExtensionService#loadCommonJSModule file:///usr/share/code/resources/app/extensions/git/dist/main
[2021-06-11 09:10:21.278] [exthost] [info] ExtensionService#_doActivateExtension CoenraadS.bracket-pair-colorizer {"startup":true,"extensionId":{"value":"CoenraadS.bracket-pair-colorizer","_lower":"coenraads.bracket-pair-colorizer"},"activationEvent":"*"}
[2021-06-11 09:10:21.288] [exthost] [info] ExtensionService#loadCommonJSModule file:///home/hamisi/.vscode/extensions/coenraads.bracket-pair-colorizer-1.0.61/out/src/extension
[2021-06-11 09:10:21.474] [exthost] [info] ExtensionService#_doActivateExtension donjayamanne.githistory {"startup":true,"extensionId":{"value":"donjayamanne.githistory","_lower":"donjayamanne.githistory"},"activationEvent":"*"}
[2021-06-11 09:10:21.475] [exthost] [info] ExtensionService#loadCommonJSModule file:///home/hamisi/.vscode/extensions/donjayamanne.githistory-0.6.16/dist/src/extension
[2021-06-11 09:10:21.658] [exthost] [info] ExtensionService#_doActivateExtension ms-vsliveshare.vsliveshare {"startup":true,"extensionId":{"value":"ms-vsliveshare.vsliveshare","_lower":"ms-vsliveshare.vsliveshare"},"activationEvent":"*"}
[2021-06-11 09:10:21.658] [exthost] [info] ExtensionService#loadCommonJSModule file:///home/hamisi/.vscode/extensions/ms-vsliveshare.vsliveshare-1.0.4360/out/prod/extension-prod
[2021-06-11 09:10:22.735] [exthost] [info] ExtensionService#_doActivateExtension PKief.material-icon-theme {"startup":true,"extensionId":{"value":"PKief.material-icon-theme","_lower":"pkief.material-icon-theme"},"activationEvent":"*"}
[2021-06-11 09:10:22.736] [exthost] [info] ExtensionService#loadCommonJSModule file:///home/hamisi/.vscode/extensions/pkief.material-icon-theme-4.7.0/dist/extension
[2021-06-11 09:10:22.784] [exthost] [info] ExtensionService#_doActivateExtension ritwickdey.LiveServer {"startup":true,"extensionId":{"value":"ritwickdey.LiveServer","_lower":"ritwickdey.liveserver"},"activationEvent":"*"}
[2021-06-11 09:10:22.784] [exthost] [info] ExtensionService#loadCommonJSModule file:///home/hamisi/.vscode/extensions/ritwickdey.liveserver-5.6.1/out/src/extension
[2021-06-11 09:10:24.957] [exthost] [info] ExtensionService#_doActivateExtension ms-toolsai.jupyter {"startup":true,"extensionId":{"value":"ms-python.python","_lower":"ms-python.python"},"activationEvent":"workspaceContains:requirements.txt"}
[2021-06-11 09:10:24.958] [exthost] [info] ExtensionService#loadCommonJSModule file:///home/hamisi/.vscode/extensions/ms-toolsai.jupyter-2021.6.832593372/out/client/extension
[2021-06-11 09:10:26.600] [exthost] [info] ExtensionService#_doActivateExtension ms-vscode.js-debug {"startup":false,"extensionId":{"value":"ms-vscode.js-debug","_lower":"ms-vscode.js-debug"},"activationEvent":"onCommand:extension.js-debug.clearAutoAttachVariables"}
[2021-06-11 09:10:26.600] [exthost] [info] ExtensionService#loadCommonJSModule file:///usr/share/code/resources/app/extensions/ms-vscode.js-debug/src/extension.js
[2021-06-11 09:10:26.997] [exthost] [info] ExtensionService#_doActivateExtension vscode.github {"startup":false,"extensionId":{"value":"vscode.github","_lower":"vscode.github"},"activationEvent":"*"}
[2021-06-11 09:10:26.997] [exthost] [info] ExtensionService#loadCommonJSModule file:///usr/share/code/resources/app/extensions/github/dist/extension.js
[2021-06-11 09:10:27.099] [exthost] [info] ExtensionService#_doActivateExtension ms-python.python {"startup":true,"extensionId":{"value":"ms-python.python","_lower":"ms-python.python"},"activationEvent":"workspaceContains:requirements.txt"}
[2021-06-11 09:10:27.099] [exthost] [info] ExtensionService#loadCommonJSModule file:///home/hamisi/.vscode/extensions/ms-python.python-2021.5.842923320/out/client/extension
[2021-06-11 09:10:27.637] [exthost] [info] ExtensionService#_doActivateExtension vscode.github-authentication {"startup":false,"extensionId":{"value":"vscode.github-authentication","_lower":"vscode.github-authentication"},"activationEvent":"onAuthenticationRequest:github"}
[2021-06-11 09:10:27.638] [exthost] [info] ExtensionService#loadCommonJSModule file:///usr/share/code/resources/app/extensions/github-authentication/dist/extension.js
[2021-06-11 09:10:29.583] [exthost] [info] ExtensionService#_doActivateExtension ms-python.vscode-pylance {"startup":false,"extensionId":{"value":"ms-python.vscode-pylance","_lower":"ms-python.vscode-pylance"},"activationEvent":"onLanguage:python"}
[2021-06-11 09:10:29.583] [exthost] [info] ExtensionService#loadCommonJSModule file:///home/hamisi/.vscode/extensions/ms-python.vscode-pylance-2021.6.1/dist/extension.bundle.js
[2021-06-11 09:10:30.087] [exthost] [info] ExtensionService#_doActivateExtension vscode.merge-conflict {"startup":false,"extensionId":{"value":"vscode.merge-conflict","_lower":"vscode.merge-conflict"},"activationEvent":"onStartupFinished"}
[2021-06-11 09:10:30.088] [exthost] [info] ExtensionService#loadCommonJSModule file:///usr/share/code/resources/app/extensions/merge-conflict/dist/mergeConflictMain
[2021-06-11 09:10:30.141] [exthost] [info] ExtensionService#_doActivateExtension vscode.testing-editor-contributions {"startup":false,"extensionId":{"value":"vscode.testing-editor-contributions","_lower":"vscode.testing-editor-contributions"},"activationEvent":"onStartupFinished"}
[2021-06-11 09:10:30.141] [exthost] [info] ExtensionService#loadCommonJSModule file:///usr/share/code/resources/app/extensions/testing-editor-contributions/dist/extension.js
[2021-06-11 09:10:30.144] [exthost] [info] ExtensionService#_doActivateExtension esbenp.prettier-vscode {"startup":false,"extensionId":{"value":"esbenp.prettier-vscode","_lower":"esbenp.prettier-vscode"},"activationEvent":"onStartupFinished"}
[2021-06-11 09:10:30.144] [exthost] [info] ExtensionService#loadCommonJSModule file:///home/hamisi/.vscode/extensions/esbenp.prettier-vscode-6.4.0/dist/extension
[2021-06-11 09:10:46.162] [exthost] [info] eager extensions activated
[2021-06-11 09:12:10.336] [exthost] [info] ExtensionService#_doActivateExtension vscode.simple-browser {"startup":false,"extensionId":{"value":"vscode.simple-browser","_lower":"vscode.simple-browser"},"activationEvent":"onOpenExternalUri:http"}
[2021-06-11 09:12:10.337] [exthost] [info] ExtensionService#loadCommonJSModule file:///usr/share/code/resources/app/extensions/simple-browser/dist/extension
[2021-06-11 09:37:20.861] [exthost] [error] [ms-python.python] provider FAILED
[2021-06-11 09:37:20.861] [exthost] [error] Canceled: Canceled
	at E.makeCancelError (/home/hamisi/.vscode/extensions/ms-python.python-2021.5.842923320/out/client/extension.js:9:183478)
	at E.handleFailedRequest (/home/hamisi/.vscode/extensions/ms-python.python-2021.5.842923320/out/client/extension.js:9:183329)
	at /home/hamisi/.vscode/extensions/ms-python.python-2021.5.842923320/out/client/extension.js:9:143671
[2021-06-11 09:37:42.512] [exthost] [error] [ms-python.python] provider FAILED
[2021-06-11 09:37:42.512] [exthost] [error] Canceled: Canceled
	at E.makeCancelError (/home/hamisi/.vscode/extensions/ms-python.python-2021.5.842923320/out/client/extension.js:9:183478)
	at E.handleFailedRequest (/home/hamisi/.vscode/extensions/ms-python.python-2021.5.842923320/out/client/extension.js:9:183329)
	at /home/hamisi/.vscode/extensions/ms-python.python-2021.5.842923320/out/client/extension.js:9:143671
[2021-06-11 09:37:42.882] [exthost] [error] [ms-python.python] provider FAILED
[2021-06-11 09:37:42.883] [exthost] [error] Canceled: Canceled
	at E.makeCancelError (/home/hamisi/.vscode/extensions/ms-python.python-2021.5.842923320/out/client/extension.js:9:183478)
	at E.handleFailedRequest (/home/hamisi/.vscode/extensions/ms-python.python-2021.5.842923320/out/client/extension.js:9:183329)
	at /home/hamisi/.vscode/extensions/ms-python.python-2021.5.842923320/out/client/extension.js:9:143671
[2021-06-11 10:06:54.624] [exthost] [error] [ms-python.python] provider FAILED
[2021-06-11 10:06:54.624] [exthost] [error] Canceled: Canceled
	at E.makeCancelError (/home/hamisi/.vscode/extensions/ms-python.python-2021.5.842923320/out/client/extension.js:9:183478)
	at E.handleFailedRequest (/home/hamisi/.vscode/extensions/ms-python.python-2021.5.842923320/out/client/extension.js:9:183329)
	at /home/hamisi/.vscode/extensions/ms-python.python-2021.5.842923320/out/client/extension.js:9:143671
[2021-06-11 10:07:09.153] [exthost] [error] [ms-python.python] provider FAILED
[2021-06-11 10:07:09.153] [exthost] [error] Canceled: Canceled
	at E.makeCancelError (/home/hamisi/.vscode/extensions/ms-python.python-2021.5.842923320/out/client/extension.js:9:183478)
	at E.handleFailedRequest (/home/hamisi/.vscode/extensions/ms-python.python-2021.5.842923320/out/client/extension.js:9:183329)
	at /home/hamisi/.vscode/extensions/ms-python.python-2021.5.842923320/out/client/extension.js:9:143671
