[2021-06-11 13:44:41.925] [exthost] [info] extension host started
[2021-06-11 13:44:42.257] [exthost] [info] ExtensionService#_doActivateExtension vscode.microsoft-authentication {"startup":false,"extensionId":{"value":"vscode.microsoft-authentication","_lower":"vscode.microsoft-authentication"},"activationEvent":"onAuthenticationRequest:microsoft"}
[2021-06-11 13:44:42.258] [exthost] [info] ExtensionService#loadCommonJSModule file:///usr/share/code/resources/app/extensions/microsoft-authentication/dist/extension.js
[2021-06-11 13:44:42.308] [exthost] [info] ExtensionService#_doActivateExtension ms-toolsai.jupyter {"startup":false,"extensionId":{"value":"ms-toolsai.jupyter","_lower":"ms-toolsai.jupyter"},"activationEvent":"onLanguage:python"}
[2021-06-11 13:44:42.308] [exthost] [info] ExtensionService#loadCommonJSModule file:///home/hamisi/.vscode/extensions/ms-toolsai.jupyter-2021.6.832593372/out/client/extension
[2021-06-11 13:44:42.648] [exthost] [info] ExtensionService#_doActivateExtension vscode.debug-auto-launch {"startup":true,"extensionId":{"value":"vscode.debug-auto-launch","_lower":"vscode.debug-auto-launch"},"activationEvent":"*"}
[2021-06-11 13:44:42.648] [exthost] [info] ExtensionService#loadCommonJSModule file:///usr/share/code/resources/app/extensions/debug-auto-launch/dist/extension
[2021-06-11 13:44:42.651] [exthost] [info] ExtensionService#_doActivateExtension vscode.git {"startup":true,"extensionId":{"value":"vscode.github","_lower":"vscode.github"},"activationEvent":"*"}
[2021-06-11 13:44:42.652] [exthost] [info] ExtensionService#loadCommonJSModule file:///usr/share/code/resources/app/extensions/git/dist/main
[2021-06-11 13:44:42.704] [exthost] [info] ExtensionService#_doActivateExtension CoenraadS.bracket-pair-colorizer {"startup":true,"extensionId":{"value":"CoenraadS.bracket-pair-colorizer","_lower":"coenraads.bracket-pair-colorizer"},"activationEvent":"*"}
[2021-06-11 13:44:42.704] [exthost] [info] ExtensionService#loadCommonJSModule file:///home/hamisi/.vscode/extensions/coenraads.bracket-pair-colorizer-1.0.61/out/src/extension
[2021-06-11 13:44:42.726] [exthost] [info] ExtensionService#_doActivateExtension donjayamanne.githistory {"startup":true,"extensionId":{"value":"donjayamanne.githistory","_lower":"donjayamanne.githistory"},"activationEvent":"*"}
[2021-06-11 13:44:42.726] [exthost] [info] ExtensionService#loadCommonJSModule file:///home/hamisi/.vscode/extensions/donjayamanne.githistory-0.6.16/dist/src/extension
[2021-06-11 13:44:42.755] [exthost] [info] ExtensionService#_doActivateExtension ms-vsliveshare.vsliveshare {"startup":true,"extensionId":{"value":"ms-vsliveshare.vsliveshare","_lower":"ms-vsliveshare.vsliveshare"},"activationEvent":"*"}
[2021-06-11 13:44:42.756] [exthost] [info] ExtensionService#loadCommonJSModule file:///home/hamisi/.vscode/extensions/ms-vsliveshare.vsliveshare-1.0.4360/out/prod/extension-prod
[2021-06-11 13:44:43.077] [exthost] [info] ExtensionService#_doActivateExtension PKief.material-icon-theme {"startup":true,"extensionId":{"value":"PKief.material-icon-theme","_lower":"pkief.material-icon-theme"},"activationEvent":"*"}
[2021-06-11 13:44:43.078] [exthost] [info] ExtensionService#loadCommonJSModule file:///home/hamisi/.vscode/extensions/pkief.material-icon-theme-4.7.0/dist/extension
[2021-06-11 13:44:43.097] [exthost] [info] ExtensionService#_doActivateExtension ritwickdey.LiveServer {"startup":true,"extensionId":{"value":"ritwickdey.LiveServer","_lower":"ritwickdey.liveserver"},"activationEvent":"*"}
[2021-06-11 13:44:43.097] [exthost] [info] ExtensionService#loadCommonJSModule file:///home/hamisi/.vscode/extensions/ritwickdey.liveserver-5.6.1/out/src/extension
[2021-06-11 13:44:43.951] [exthost] [info] ExtensionService#_doActivateExtension ms-vscode.js-debug {"startup":false,"extensionId":{"value":"ms-vscode.js-debug","_lower":"ms-vscode.js-debug"},"activationEvent":"onCommand:extension.js-debug.clearAutoAttachVariables"}
[2021-06-11 13:44:43.951] [exthost] [info] ExtensionService#loadCommonJSModule file:///usr/share/code/resources/app/extensions/ms-vscode.js-debug/src/extension.js
[2021-06-11 13:44:44.140] [exthost] [info] ExtensionService#_doActivateExtension vscode.github {"startup":false,"extensionId":{"value":"vscode.github","_lower":"vscode.github"},"activationEvent":"*"}
[2021-06-11 13:44:44.140] [exthost] [info] ExtensionService#loadCommonJSModule file:///usr/share/code/resources/app/extensions/github/dist/extension.js
[2021-06-11 13:44:44.238] [exthost] [info] ExtensionService#_doActivateExtension ms-python.python {"startup":false,"extensionId":{"value":"ms-python.vscode-pylance","_lower":"ms-python.vscode-pylance"},"activationEvent":"onLanguage:python"}
[2021-06-11 13:44:44.238] [exthost] [info] ExtensionService#loadCommonJSModule file:///home/hamisi/.vscode/extensions/ms-python.python-2021.5.926500501/out/client/extension
[2021-06-11 13:44:44.570] [exthost] [info] ExtensionService#_doActivateExtension vscode.github-authentication {"startup":false,"extensionId":{"value":"vscode.github-authentication","_lower":"vscode.github-authentication"},"activationEvent":"onAuthenticationRequest:github"}
[2021-06-11 13:44:44.570] [exthost] [info] ExtensionService#loadCommonJSModule file:///usr/share/code/resources/app/extensions/github-authentication/dist/extension.js
[2021-06-11 13:44:46.148] [exthost] [info] eager extensions activated
[2021-06-11 13:44:46.227] [exthost] [info] ExtensionService#_doActivateExtension ms-python.vscode-pylance {"startup":false,"extensionId":{"value":"ms-python.vscode-pylance","_lower":"ms-python.vscode-pylance"},"activationEvent":"onLanguage:python"}
[2021-06-11 13:44:46.228] [exthost] [info] ExtensionService#loadCommonJSModule file:///home/hamisi/.vscode/extensions/ms-python.vscode-pylance-2021.6.1/dist/extension.bundle.js
[2021-06-11 13:44:46.342] [exthost] [info] ExtensionService#_doActivateExtension vscode.emmet {"startup":false,"extensionId":{"value":"vscode.emmet","_lower":"vscode.emmet"},"activationEvent":"onStartupFinished"}
[2021-06-11 13:44:46.342] [exthost] [info] ExtensionService#loadCommonJSModule file:///usr/share/code/resources/app/extensions/emmet/dist/node/emmetNodeMain
[2021-06-11 13:44:46.348] [exthost] [info] ExtensionService#_doActivateExtension vscode.merge-conflict {"startup":false,"extensionId":{"value":"vscode.merge-conflict","_lower":"vscode.merge-conflict"},"activationEvent":"onStartupFinished"}
[2021-06-11 13:44:46.348] [exthost] [info] ExtensionService#loadCommonJSModule file:///usr/share/code/resources/app/extensions/merge-conflict/dist/mergeConflictMain
[2021-06-11 13:44:46.350] [exthost] [info] ExtensionService#_doActivateExtension vscode.testing-editor-contributions {"startup":false,"extensionId":{"value":"vscode.testing-editor-contributions","_lower":"vscode.testing-editor-contributions"},"activationEvent":"onStartupFinished"}
[2021-06-11 13:44:46.350] [exthost] [info] ExtensionService#loadCommonJSModule file:///usr/share/code/resources/app/extensions/testing-editor-contributions/dist/extension.js
[2021-06-11 13:44:46.351] [exthost] [info] ExtensionService#_doActivateExtension esbenp.prettier-vscode {"startup":false,"extensionId":{"value":"esbenp.prettier-vscode","_lower":"esbenp.prettier-vscode"},"activationEvent":"onStartupFinished"}
[2021-06-11 13:44:46.351] [exthost] [info] ExtensionService#loadCommonJSModule file:///home/hamisi/.vscode/extensions/esbenp.prettier-vscode-6.4.0/dist/extension
[2021-06-11 13:44:50.524] [exthost] [error] [ms-python.python] provider FAILED
[2021-06-11 13:44:50.524] [exthost] [error] Canceled: Canceled
	at E.makeCancelError (/home/hamisi/.vscode/extensions/ms-python.python-2021.5.926500501/out/client/extension.js:9:183478)
	at E.handleFailedRequest (/home/hamisi/.vscode/extensions/ms-python.python-2021.5.926500501/out/client/extension.js:9:183329)
	at /home/hamisi/.vscode/extensions/ms-python.python-2021.5.926500501/out/client/extension.js:9:148317
[2021-06-11 13:44:50.536] [exthost] [error] [ms-python.python] provider FAILED
[2021-06-11 13:44:50.536] [exthost] [error] Canceled: Canceled
	at E.makeCancelError (/home/hamisi/.vscode/extensions/ms-python.python-2021.5.926500501/out/client/extension.js:9:183478)
	at E.handleFailedRequest (/home/hamisi/.vscode/extensions/ms-python.python-2021.5.926500501/out/client/extension.js:9:183329)
	at /home/hamisi/.vscode/extensions/ms-python.python-2021.5.926500501/out/client/extension.js:9:151190
[2021-06-11 13:44:50.537] [exthost] [error] [ms-python.python] provider FAILED
[2021-06-11 13:44:50.537] [exthost] [error] Canceled: Canceled
	at E.makeCancelError (/home/hamisi/.vscode/extensions/ms-python.python-2021.5.926500501/out/client/extension.js:9:183478)
	at E.handleFailedRequest (/home/hamisi/.vscode/extensions/ms-python.python-2021.5.926500501/out/client/extension.js:9:183329)
	at /home/hamisi/.vscode/extensions/ms-python.python-2021.5.926500501/out/client/extension.js:59:162495
[2021-06-11 13:47:04.590] [exthost] [error] [ms-python.python] provider FAILED
[2021-06-11 13:47:04.590] [exthost] [error] Canceled: Canceled
	at E.makeCancelError (/home/hamisi/.vscode/extensions/ms-python.python-2021.5.926500501/out/client/extension.js:9:183478)
	at E.handleFailedRequest (/home/hamisi/.vscode/extensions/ms-python.python-2021.5.926500501/out/client/extension.js:9:183329)
	at /home/hamisi/.vscode/extensions/ms-python.python-2021.5.926500501/out/client/extension.js:9:143671
[2021-06-11 13:50:08.708] [exthost] [error] [ms-python.python] provider FAILED
[2021-06-11 13:50:08.708] [exthost] [error] Canceled: Canceled
	at E.makeCancelError (/home/hamisi/.vscode/extensions/ms-python.python-2021.5.926500501/out/client/extension.js:9:183478)
	at E.handleFailedRequest (/home/hamisi/.vscode/extensions/ms-python.python-2021.5.926500501/out/client/extension.js:9:183329)
	at /home/hamisi/.vscode/extensions/ms-python.python-2021.5.926500501/out/client/extension.js:9:148317
[2021-06-11 13:51:03.420] [exthost] [error] [ms-python.python] provider FAILED
[2021-06-11 13:51:03.420] [exthost] [error] Canceled: Canceled
	at E.makeCancelError (/home/hamisi/.vscode/extensions/ms-python.python-2021.5.926500501/out/client/extension.js:9:183478)
	at E.handleFailedRequest (/home/hamisi/.vscode/extensions/ms-python.python-2021.5.926500501/out/client/extension.js:9:183329)
	at /home/hamisi/.vscode/extensions/ms-python.python-2021.5.926500501/out/client/extension.js:9:148317
[2021-06-11 14:15:36.240] [exthost] [info] extension host terminating: received terminate message from renderer
[2021-06-11 14:15:37.353] [exthost] [info] exiting with code 0
