User belongs to experiment group 'pythonJediLSP'
User belongs to experiment group 'jupyterTest'
User belongs to experiment group 'pythonDiscoveryModuleWithoutWatcher'
User belongs to experiment group 'pythonSurveyNotification'
User belongs to experiment group 'jupyterEnhancedDataViewer'
Info 2021-06-11 14:15:35: ZMQ install verified.
Info 2021-06-11 14:15:35: id is 304f0e27-1460-4401-a787-6331bdcda8db
Info 2021-06-11 14:15:36: Found existing keyfile at /home/hamisi/.config/Code/User/globalStorage/ms-toolsai.jupyter/nbsecret
Info 2021-06-11 14:15:38: Search all interpreters /home/hamisi/pitch-app/virtual/bin/python, /bin/python2, /bin/python3, /usr/bin/python2, /usr/bin/python3
Info 2021-06-11 14:15:39: Cached data exists getEnvironmentVariables, <No Resource>
Info 2021-06-11 14:15:39: Cached data exists getEnvironmentVariables, <No Resource>
Info 2021-06-11 14:15:39: Cached data exists getEnvironmentVariables, <No Resource>
Info 2021-06-11 14:15:39: Process Execution: > ~/pitch-app/virtual/bin/python ~/.vscode/extensions/ms-toolsai.jupyter-2021.6.832593372/pythonFiles/pyvsc-run-isolated.py -c "import notebook"
> ~/pitch-app/virtual/bin/python ~/.vscode/extensions/ms-toolsai.jupyter-2021.6.832593372/pythonFiles/pyvsc-run-isolated.py -c "import notebook"
Info 2021-06-11 14:15:39: Process Execution: > ~/pitch-app/virtual/bin/python ~/.vscode/extensions/ms-toolsai.jupyter-2021.6.832593372/pythonFiles/pyvsc-run-isolated.py -c "import notebook"
> ~/pitch-app/virtual/bin/python ~/.vscode/extensions/ms-toolsai.jupyter-2021.6.832593372/pythonFiles/pyvsc-run-isolated.py -c "import notebook"
Info 2021-06-11 14:15:39: Process Execution: > ~/pitch-app/virtual/bin/python ~/.vscode/extensions/ms-toolsai.jupyter-2021.6.832593372/pythonFiles/pyvsc-run-isolated.py pip list
> ~/pitch-app/virtual/bin/python ~/.vscode/extensions/ms-toolsai.jupyter-2021.6.832593372/pythonFiles/pyvsc-run-isolated.py pip list
Info 2021-06-11 14:15:39: Process Execution: > ~/pitch-app/virtual/bin/python ~/.vscode/extensions/ms-toolsai.jupyter-2021.6.832593372/pythonFiles/pyvsc-run-isolated.py pip list
> ~/pitch-app/virtual/bin/python ~/.vscode/extensions/ms-toolsai.jupyter-2021.6.832593372/pythonFiles/pyvsc-run-isolated.py pip list
Info 2021-06-11 14:15:39: Process Execution: > ~/pitch-app/virtual/bin/python ~/.vscode/extensions/ms-toolsai.jupyter-2021.6.832593372/pythonFiles/pyvsc-run-isolated.py -c "import jupyter"
> ~/pitch-app/virtual/bin/python ~/.vscode/extensions/ms-toolsai.jupyter-2021.6.832593372/pythonFiles/pyvsc-run-isolated.py -c "import jupyter"
Info 2021-06-11 14:15:39: Process Execution: > ~/pitch-app/virtual/bin/python ~/.vscode/extensions/ms-toolsai.jupyter-2021.6.832593372/pythonFiles/pyvsc-run-isolated.py -c "import jupyter"
> ~/pitch-app/virtual/bin/python ~/.vscode/extensions/ms-toolsai.jupyter-2021.6.832593372/pythonFiles/pyvsc-run-isolated.py -c "import jupyter"
Info 2021-06-11 14:15:39: Process Execution: > ~/pitch-app/virtual/bin/python ~/.vscode/extensions/ms-toolsai.jupyter-2021.6.832593372/pythonFiles/pyvsc-run-isolated.py -c "import pip"
> ~/pitch-app/virtual/bin/python ~/.vscode/extensions/ms-toolsai.jupyter-2021.6.832593372/pythonFiles/pyvsc-run-isolated.py -c "import pip"
Info 2021-06-11 14:15:39: Process Execution: > ~/pitch-app/virtual/bin/python ~/.vscode/extensions/ms-toolsai.jupyter-2021.6.832593372/pythonFiles/pyvsc-run-isolated.py -c "import pip"
> ~/pitch-app/virtual/bin/python ~/.vscode/extensions/ms-toolsai.jupyter-2021.6.832593372/pythonFiles/pyvsc-run-isolated.py -c "import pip"
