Looking for git in: git
Using git 2.25.1 from git
> git rev-parse --git-dir
Open repository: /home/hamisi/pitch-app
> git status -z -u
> git symbolic-ref --short HEAD
> git for-each-ref --format=%(refname)%00%(upstream:short)%00%(objectname)%00%(upstream:track) refs/heads/master refs/remotes/master
> git for-each-ref --sort -committerdate --format %(refname) %(objectname) %(*objectname)
> git remote --verbose
Warning: Failed to watch ref '/home/hamisi/pitch-app/.git/refs/remotes/origin/master', is most likely packed.
> git config --get commit.template
> git check-ignore -v -z --stdin
> git show --textconv :app/templates/new_pitch.html
> git ls-files --stage -- /home/hamisi/pitch-app/app/templates/new_pitch.html
> git cat-file -s 37f3a2b1fcacb4e3395475407673a2ea555610f5
> git check-ignore -v -z --stdin
> git check-ignore -v -z --stdin
> git config --global user.email
> git config --global user.name
> git status -z -u
> git symbolic-ref --short HEAD
> git for-each-ref --format=%(refname)%00%(upstream:short)%00%(objectname)%00%(upstream:track) refs/heads/master refs/remotes/master
> git for-each-ref --sort -committerdate --format %(refname) %(objectname) %(*objectname)
> git remote --verbose
Warning: Failed to watch ref '/home/hamisi/pitch-app/.git/refs/remotes/origin/master', is most likely packed.
> git config --get commit.template
> git show -s --format=%an <%ae> [%ai] 536058f590e024efcf62f728eec756157a3d5385
> git check-ignore -v -z --stdin
